<?xml version="1.0" encoding="UTF-8"?>
<!-- Generated by org.testng.reporters.JUnitReportReporter -->
<testsuite skipped="0" hostname="INN428" name="MyRunner.TestRunner" tests="2" failures="0" timestamp="15 Sep 2021 19:38:04 GMT" time="7.880" errors="0">
  <testcase name="feature" time="4.852" classname="MyRunner.TestRunner"/>
  <testcase name="feature" time="3.028" classname="MyRunner.TestRunner"/>
</testsuite> <!-- MyRunner.TestRunner -->
